<?xml version="1.0" encoding="UTF-8"?>
<!-- Generated by org.testng.reporters.JUnitReportReporter -->
<testsuite hostname="santhosh-PC" failures="0" tests="8" name="Reg.Teacher" time="35.388" errors="0" timestamp="2020-05-25T15:56:59 IST" skipped="0">
  <testcase classname="Reg.Teacher" name="Login" time="11.230"/>
  <system-out/>
  <testcase classname="Reg.Teacher" name="homework" time="3.483"/>
  <system-out/>
  <testcase classname="Reg.Teacher" name="Notes" time="4.384"/>
  <system-out/>
  <testcase classname="Reg.Teacher" name="Test" time="2.882"/>
  <system-out/>
  <testcase classname="Reg.Teacher" name="Announce" time="1.712"/>
  <system-out/>
  <testcase classname="Reg.Teacher" name="Impt" time="1.812"/>
  <system-out/>
  <testcase classname="Reg.Teacher" name="profile" time="3.941"/>
  <system-out/>
  <testcase classname="Reg.Teacher" name="sprofile" time="5.944"/>
  <system-out/>
</testsuite> <!-- Reg.Teacher -->
