<?xml version="1.0" encoding="UTF-8"?>
<!-- Generated by org.testng.reporters.JUnitReportReporter -->
<testsuite hostname="santhosh-PC" failures="0" tests="1" name="Reg.setup" time="2.826" errors="0" timestamp="2020-05-28T10:09:01 IST" skipped="0">
  <testcase classname="Reg.setup" name="Login" time="2.826"/>
  <system-out/>
</testsuite> <!-- Reg.setup -->
