<?xml version="1.0" encoding="UTF-8"?>
<!-- Generated by org.testng.reporters.JUnitReportReporter -->
<testsuite hostname="santhosh-PC" failures="0" tests="7" name="Reg.Admin" time="19.057" errors="0" timestamp="2020-05-12T15:07:51 IST" skipped="0">
  <testcase classname="Reg.Admin" name="Login" time="5.407"/>
  <system-out/>
  <testcase classname="Reg.Admin" name="medialib" time="4.143"/>
  <system-out/>
  <testcase classname="Reg.Admin" name="homework" time="2.489"/>
  <system-out/>
  <testcase classname="Reg.Admin" name="Notes" time="1.963"/>
  <system-out/>
  <testcase classname="Reg.Admin" name="Test" time="2.099"/>
  <system-out/>
  <testcase classname="Reg.Admin" name="Announce" time="1.357"/>
  <system-out/>
  <testcase classname="Reg.Admin" name="Impt" time="1.599"/>
  <system-out/>
</testsuite> <!-- Reg.Admin -->
